app/manifest-merger-release-report.txt
-- Merging decision tree log ---
manifest
ADDED from AndroidManifest.xml:2:1
	package
		ADDED from AndroidManifest.xml:3:5
		INJECTED from AndroidManifest.xml:0:0
		INJECTED from AndroidManifest.xml:0:0
	android:versionName
		ADDED from AndroidManifest.xml:5:5
	android:versionCode
		ADDED from AndroidManifest.xml:4:5
		INJECTED from AndroidManifest.xml:0:0
		INJECTED from AndroidManifest.xml:0:0
	xmlns:android
		ADDED from AndroidManifest.xml:2:11
	android:installLocation
		ADDED from AndroidManifest.xml:6:5
uses-sdk
ADDED from AndroidManifest.xml:8:5
	android:targetSdkVersion
		ADDED from AndroidManifest.xml:10:9
		INJECTED from AndroidManifest.xml:0:0
		INJECTED from AndroidManifest.xml:0:0
	android:minSdkVersion
		ADDED from AndroidManifest.xml:9:9
		INJECTED from AndroidManifest.xml:0:0
		INJECTED from AndroidManifest.xml:0:0
uses-permission#android.permission.WRITE_EXTERNAL_STORAGE
ADDED from AndroidManifest.xml:11:2
	android:name
		ADDED from AndroidManifest.xml:11:19
uses-permission#android.permission.READ_EXTERNAL_STORAGE
ADDED from AndroidManifest.xml:12:5
	android:name
		ADDED from AndroidManifest.xml:12:22
uses-permission#android.permission.INTERNET
ADDED from AndroidManifest.xml:13:5
	android:name
		ADDED from AndroidManifest.xml:13:22
uses-permission#android.permission.ACCESS_NETWORK_STATE
ADDED from AndroidManifest.xml:14:5
	android:name
		ADDED from AndroidManifest.xml:14:22
uses-permission#android.permission.ACCESS_FINE_LOCATION
ADDED from AndroidManifest.xml:15:5
	android:name
		ADDED from AndroidManifest.xml:15:22
uses-permission#android.permission.ACCESS_COARSE_LOCATION
ADDED from AndroidManifest.xml:16:2
	android:name
		ADDED from AndroidManifest.xml:16:19
uses-permission#android.permission.DISABLE_KEYGUARD
ADDED from AndroidManifest.xml:17:5
	android:name
		ADDED from AndroidManifest.xml:17:22
uses-permission#android.permission.WRITE_SETTINGS
ADDED from AndroidManifest.xml:18:5
	android:name
		ADDED from AndroidManifest.xml:18:22
uses-permission#android.permission.CHANGE_NETWORK_STATE
ADDED from AndroidManifest.xml:20:5
	android:name
		ADDED from AndroidManifest.xml:20:22
uses-permission#android.permission.WAKE_LOCK
ADDED from AndroidManifest.xml:21:5
	android:name
		ADDED from AndroidManifest.xml:21:22
application
ADDED from AndroidManifest.xml:25:5
	android:clearTaskOnLaunch
		ADDED from AndroidManifest.xml:29:9
	android:label
		ADDED from AndroidManifest.xml:28:9
	android:allowBackup
		ADDED from AndroidManifest.xml:26:9
	android:largeHeap
		ADDED from AndroidManifest.xml:30:9
	android:theme
		ADDED from AndroidManifest.xml:32:9
activity#com.data.rhis2.LoginActivity
ADDED from AndroidManifest.xml:33:9
	android:label
		ADDED from AndroidManifest.xml:35:13
	android:icon
		ADDED from AndroidManifest.xml:35:46
	android:name
		ADDED from AndroidManifest.xml:34:13
intent-filter#android.intent.action.MAIN+android.intent.category.LAUNCHER
ADDED from AndroidManifest.xml:36:13
action#android.intent.action.MAIN
ADDED from AndroidManifest.xml:37:17
	android:name
		ADDED from AndroidManifest.xml:37:25
category#android.intent.category.LAUNCHER
ADDED from AndroidManifest.xml:38:17
	android:name
		ADDED from AndroidManifest.xml:38:27
activity#com.data.rhis2.VillageList
ADDED from AndroidManifest.xml:41:9
	android:label
		ADDED from AndroidManifest.xml:41:47
	android:name
		ADDED from AndroidManifest.xml:41:19
activity#com.data.rhis2.HouseholdIndex
ADDED from AndroidManifest.xml:42:9
	android:label
		ADDED from AndroidManifest.xml:42:50
	android:name
		ADDED from AndroidManifest.xml:42:19
activity#com.data.rhis2.MemberList
ADDED from AndroidManifest.xml:43:9
	android:label
		ADDED from AndroidManifest.xml:43:46
	android:name
		ADDED from AndroidManifest.xml:43:19
activity#com.data.rhis2.MemberForm
ADDED from AndroidManifest.xml:44:9
	android:label
		ADDED from AndroidManifest.xml:44:46
	android:name
		ADDED from AndroidManifest.xml:44:19
activity#com.data.rhis2.Household
ADDED from AndroidManifest.xml:45:9
	android:label
		ADDED from AndroidManifest.xml:45:45
	android:name
		ADDED from AndroidManifest.xml:45:19
activity#com.data.rhis2.SettingForm
ADDED from AndroidManifest.xml:46:9
	android:label
		ADDED from AndroidManifest.xml:46:47
	android:name
		ADDED from AndroidManifest.xml:46:19
activity#com.data.rhis2.ELCOForm
ADDED from AndroidManifest.xml:47:9
	android:label
		ADDED from AndroidManifest.xml:47:44
	android:name
		ADDED from AndroidManifest.xml:47:19
receiver#com.data.rhis2.SyncBroadcastReceiver
ADDED from AndroidManifest.xml:50:9
	android:name
		ADDED from AndroidManifest.xml:50:19
service#com.data.rhis2.DataSyncService
ADDED from AndroidManifest.xml:51:9
	android:name
		ADDED from AndroidManifest.xml:51:18